<?xml version="1.0" encoding="UTF-8"?>
<testsuite xmlns:xsi="http://www.w3.org/2001/XMLSchema-instance" xsi:noNamespaceSchemaLocation="https://maven.apache.org/surefire/maven-surefire-plugin/xsd/surefire-test-report.xsd" name="com.ned.test.AppTest" time="0.041" tests="1" errors="0" skipped="0" failures="0">
  <properties>
    <property name="java.specification.version" value="17"/>
    <property name="sun.cpu.isalist" value="amd64"/>
    <property name="sun.jnu.encoding" value="Cp1254"/>
    <property name="java.class.path" value="C:\Users\nedim\eclipse-workspace\Bootcamp-HomeWork1\maven-custom-plugin-nedimozhan\test\target\test-classes;C:\Users\nedim\eclipse-workspace\Bootcamp-HomeWork1\maven-custom-plugin-nedimozhan\test\target\classes;C:\Users\nedim\.m2\repository\junit\junit\4.11\junit-4.11.jar;C:\Users\nedim\.m2\repository\org\hamcrest\hamcrest-core\1.3\hamcrest-core-1.3.jar;C:\Users\nedim\.m2\repository\org\apache\maven\plugins\maven-jar-plugin\3.2.0\maven-jar-plugin-3.2.0.jar;C:\Users\nedim\.m2\repository\org\apache\maven\maven-plugin-api\3.0\maven-plugin-api-3.0.jar;C:\Users\nedim\.m2\repository\org\apache\maven\maven-model\3.0\maven-model-3.0.jar;C:\Users\nedim\.m2\repository\org\sonatype\sisu\sisu-inject-plexus\1.4.2\sisu-inject-plexus-1.4.2.jar;C:\Users\nedim\.m2\repository\org\sonatype\sisu\sisu-inject-bean\1.4.2\sisu-inject-bean-1.4.2.jar;C:\Users\nedim\.m2\repository\org\sonatype\sisu\sisu-guice\2.1.7\sisu-guice-2.1.7-noaop.jar;C:\Users\nedim\.m2\repository\org\apache\maven\maven-core\3.0\maven-core-3.0.jar;C:\Users\nedim\.m2\repository\org\apache\maven\maven-settings\3.0\maven-settings-3.0.jar;C:\Users\nedim\.m2\repository\org\apache\maven\maven-settings-builder\3.0\maven-settings-builder-3.0.jar;C:\Users\nedim\.m2\repository\org\apache\maven\maven-repository-metadata\3.0\maven-repository-metadata-3.0.jar;C:\Users\nedim\.m2\repository\org\apache\maven\maven-model-builder\3.0\maven-model-builder-3.0.jar;C:\Users\nedim\.m2\repository\org\apache\maven\maven-aether-provider\3.0\maven-aether-provider-3.0.jar;C:\Users\nedim\.m2\repository\org\sonatype\aether\aether-impl\1.7\aether-impl-1.7.jar;C:\Users\nedim\.m2\repository\org\sonatype\aether\aether-spi\1.7\aether-spi-1.7.jar;C:\Users\nedim\.m2\repository\org\sonatype\aether\aether-api\1.7\aether-api-1.7.jar;C:\Users\nedim\.m2\repository\org\sonatype\aether\aether-util\1.7\aether-util-1.7.jar;C:\Users\nedim\.m2\repository\org\codehaus\plexus\plexus-interpolation\1.14\plexus-interpolation-1.14.jar;C:\Users\nedim\.m2\repository\org\codehaus\plexus\plexus-classworlds\2.2.3\plexus-classworlds-2.2.3.jar;C:\Users\nedim\.m2\repository\org\codehaus\plexus\plexus-component-annotations\1.5.5\plexus-component-annotations-1.5.5.jar;C:\Users\nedim\.m2\repository\org\sonatype\plexus\plexus-sec-dispatcher\1.3\plexus-sec-dispatcher-1.3.jar;C:\Users\nedim\.m2\repository\org\sonatype\plexus\plexus-cipher\1.4\plexus-cipher-1.4.jar;C:\Users\nedim\.m2\repository\org\apache\maven\maven-artifact\3.0\maven-artifact-3.0.jar;C:\Users\nedim\.m2\repository\org\apache\maven\shared\file-management\3.0.0\file-management-3.0.0.jar;C:\Users\nedim\.m2\repository\org\apache\maven\shared\maven-shared-io\3.0.0\maven-shared-io-3.0.0.jar;C:\Users\nedim\.m2\repository\org\apache\maven\maven-compat\3.0\maven-compat-3.0.jar;C:\Users\nedim\.m2\repository\org\apache\maven\wagon\wagon-provider-api\2.10\wagon-provider-api-2.10.jar;C:\Users\nedim\.m2\repository\org\apache\maven\maven-archiver\3.5.0\maven-archiver-3.5.0.jar;C:\Users\nedim\.m2\repository\commons-io\commons-io\2.5\commons-io-2.5.jar;C:\Users\nedim\.m2\repository\org\apache\maven\shared\maven-shared-utils\3.2.1\maven-shared-utils-3.2.1.jar;C:\Users\nedim\.m2\repository\org\codehaus\plexus\plexus-archiver\4.2.1\plexus-archiver-4.2.1.jar;C:\Users\nedim\.m2\repository\org\codehaus\plexus\plexus-io\3.2.0\plexus-io-3.2.0.jar;C:\Users\nedim\.m2\repository\org\apache\commons\commons-compress\1.19\commons-compress-1.19.jar;C:\Users\nedim\.m2\repository\org\iq80\snappy\snappy\0.4\snappy-0.4.jar;C:\Users\nedim\.m2\repository\org\tukaani\xz\1.8\xz-1.8.jar;C:\Users\nedim\.m2\repository\org\codehaus\plexus\plexus-utils\3.3.0\plexus-utils-3.3.0.jar;"/>
    <property name="java.vm.vendor" value="Oracle Corporation"/>
    <property name="sun.arch.data.model" value="64"/>
    <property name="user.variant" value=""/>
    <property name="java.vendor.url" value="https://java.oracle.com/"/>
    <property name="user.timezone" value="Europe/Istanbul"/>
    <property name="os.name" value="Windows 10"/>
    <property name="java.vm.specification.version" value="17"/>
    <property name="sun.java.launcher" value="SUN_STANDARD"/>
    <property name="user.country" value="TR"/>
    <property name="sun.boot.library.path" value="C:\Program Files\Java\jdk-17.0.2\bin"/>
    <property name="sun.java.command" value="C:\Users\nedim\AppData\Local\Temp\surefire7328481000748306366\surefirebooter17312761024029907548.jar C:\Users\nedim\AppData\Local\Temp\surefire7328481000748306366 2022-07-04T04-46-29_116-jvmRun1 surefire1455662143857756715tmp surefire_018061710988360005964tmp"/>
    <property name="jdk.debug" value="release"/>
    <property name="surefire.test.class.path" value="C:\Users\nedim\eclipse-workspace\Bootcamp-HomeWork1\maven-custom-plugin-nedimozhan\test\target\test-classes;C:\Users\nedim\eclipse-workspace\Bootcamp-HomeWork1\maven-custom-plugin-nedimozhan\test\target\classes;C:\Users\nedim\.m2\repository\junit\junit\4.11\junit-4.11.jar;C:\Users\nedim\.m2\repository\org\hamcrest\hamcrest-core\1.3\hamcrest-core-1.3.jar;C:\Users\nedim\.m2\repository\org\apache\maven\plugins\maven-jar-plugin\3.2.0\maven-jar-plugin-3.2.0.jar;C:\Users\nedim\.m2\repository\org\apache\maven\maven-plugin-api\3.0\maven-plugin-api-3.0.jar;C:\Users\nedim\.m2\repository\org\apache\maven\maven-model\3.0\maven-model-3.0.jar;C:\Users\nedim\.m2\repository\org\sonatype\sisu\sisu-inject-plexus\1.4.2\sisu-inject-plexus-1.4.2.jar;C:\Users\nedim\.m2\repository\org\sonatype\sisu\sisu-inject-bean\1.4.2\sisu-inject-bean-1.4.2.jar;C:\Users\nedim\.m2\repository\org\sonatype\sisu\sisu-guice\2.1.7\sisu-guice-2.1.7-noaop.jar;C:\Users\nedim\.m2\repository\org\apache\maven\maven-core\3.0\maven-core-3.0.jar;C:\Users\nedim\.m2\repository\org\apache\maven\maven-settings\3.0\maven-settings-3.0.jar;C:\Users\nedim\.m2\repository\org\apache\maven\maven-settings-builder\3.0\maven-settings-builder-3.0.jar;C:\Users\nedim\.m2\repository\org\apache\maven\maven-repository-metadata\3.0\maven-repository-metadata-3.0.jar;C:\Users\nedim\.m2\repository\org\apache\maven\maven-model-builder\3.0\maven-model-builder-3.0.jar;C:\Users\nedim\.m2\repository\org\apache\maven\maven-aether-provider\3.0\maven-aether-provider-3.0.jar;C:\Users\nedim\.m2\repository\org\sonatype\aether\aether-impl\1.7\aether-impl-1.7.jar;C:\Users\nedim\.m2\repository\org\sonatype\aether\aether-spi\1.7\aether-spi-1.7.jar;C:\Users\nedim\.m2\repository\org\sonatype\aether\aether-api\1.7\aether-api-1.7.jar;C:\Users\nedim\.m2\repository\org\sonatype\aether\aether-util\1.7\aether-util-1.7.jar;C:\Users\nedim\.m2\repository\org\codehaus\plexus\plexus-interpolation\1.14\plexus-interpolation-1.14.jar;C:\Users\nedim\.m2\repository\org\codehaus\plexus\plexus-classworlds\2.2.3\plexus-classworlds-2.2.3.jar;C:\Users\nedim\.m2\repository\org\codehaus\plexus\plexus-component-annotations\1.5.5\plexus-component-annotations-1.5.5.jar;C:\Users\nedim\.m2\repository\org\sonatype\plexus\plexus-sec-dispatcher\1.3\plexus-sec-dispatcher-1.3.jar;C:\Users\nedim\.m2\repository\org\sonatype\plexus\plexus-cipher\1.4\plexus-cipher-1.4.jar;C:\Users\nedim\.m2\repository\org\apache\maven\maven-artifact\3.0\maven-artifact-3.0.jar;C:\Users\nedim\.m2\repository\org\apache\maven\shared\file-management\3.0.0\file-management-3.0.0.jar;C:\Users\nedim\.m2\repository\org\apache\maven\shared\maven-shared-io\3.0.0\maven-shared-io-3.0.0.jar;C:\Users\nedim\.m2\repository\org\apache\maven\maven-compat\3.0\maven-compat-3.0.jar;C:\Users\nedim\.m2\repository\org\apache\maven\wagon\wagon-provider-api\2.10\wagon-provider-api-2.10.jar;C:\Users\nedim\.m2\repository\org\apache\maven\maven-archiver\3.5.0\maven-archiver-3.5.0.jar;C:\Users\nedim\.m2\repository\commons-io\commons-io\2.5\commons-io-2.5.jar;C:\Users\nedim\.m2\repository\org\apache\maven\shared\maven-shared-utils\3.2.1\maven-shared-utils-3.2.1.jar;C:\Users\nedim\.m2\repository\org\codehaus\plexus\plexus-archiver\4.2.1\plexus-archiver-4.2.1.jar;C:\Users\nedim\.m2\repository\org\codehaus\plexus\plexus-io\3.2.0\plexus-io-3.2.0.jar;C:\Users\nedim\.m2\repository\org\apache\commons\commons-compress\1.19\commons-compress-1.19.jar;C:\Users\nedim\.m2\repository\org\iq80\snappy\snappy\0.4\snappy-0.4.jar;C:\Users\nedim\.m2\repository\org\tukaani\xz\1.8\xz-1.8.jar;C:\Users\nedim\.m2\repository\org\codehaus\plexus\plexus-utils\3.3.0\plexus-utils-3.3.0.jar;"/>
    <property name="sun.cpu.endian" value="little"/>
    <property name="user.home" value="C:\Users\nedim"/>
    <property name="user.language" value="tr"/>
    <property name="java.specification.vendor" value="Oracle Corporation"/>
    <property name="java.version.date" value="2022-01-18"/>
    <property name="java.home" value="C:\Program Files\Java\jdk-17.0.2"/>
    <property name="file.separator" value="\"/>
    <property name="basedir" value="C:\Users\nedim\eclipse-workspace\Bootcamp-HomeWork1\maven-custom-plugin-nedimozhan\test"/>
    <property name="java.vm.compressedOopsMode" value="Zero based"/>
    <property name="line.separator" value="&#10;"/>
    <property name="java.vm.specification.vendor" value="Oracle Corporation"/>
    <property name="java.specification.name" value="Java Platform API Specification"/>
    <property name="surefire.real.class.path" value="C:\Users\nedim\AppData\Local\Temp\surefire7328481000748306366\surefirebooter17312761024029907548.jar"/>
    <property name="user.script" value=""/>
    <property name="sun.management.compiler" value="HotSpot 64-Bit Tiered Compilers"/>
    <property name="java.runtime.version" value="17.0.2+8-LTS-86"/>
    <property name="user.name" value="nedim"/>
    <property name="path.separator" value=";"/>
    <property name="os.version" value="10.0"/>
    <property name="java.runtime.name" value="Java(TM) SE Runtime Environment"/>
    <property name="file.encoding" value="Cp1254"/>
    <property name="java.vm.name" value="Java HotSpot(TM) 64-Bit Server VM"/>
    <property name="localRepository" value="C:\Users\nedim\.m2\repository"/>
    <property name="java.vendor.url.bug" value="https://bugreport.java.com/bugreport/"/>
    <property name="java.io.tmpdir" value="C:\Users\nedim\AppData\Local\Temp\"/>
    <property name="java.version" value="17.0.2"/>
    <property name="user.dir" value="C:\Users\nedim\eclipse-workspace\Bootcamp-HomeWork1\maven-custom-plugin-nedimozhan\test"/>
    <property name="os.arch" value="amd64"/>
    <property name="java.vm.specification.name" value="Java Virtual Machine Specification"/>
    <property name="sun.os.patch.level" value=""/>
    <property name="native.encoding" value="Cp1254"/>
    <property name="java.library.path" value="C:\Program Files\Java\jdk-17.0.2\bin;C:\WINDOWS\Sun\Java\bin;C:\WINDOWS\system32;C:\WINDOWS;C:\Program Files\Common Files\Oracle\Java\javapath;C:\WINDOWS\system32;C:\WINDOWS;C:\WINDOWS\System32\Wbem;C:\WINDOWS\System32\WindowsPowerShell\v1.0\;C:\WINDOWS\System32\OpenSSH\;C:\Program Files (x86)\Microsoft SQL Server\150\Tools\Binn\;C:\Program Files\Microsoft SQL Server\150\Tools\Binn\;C:\Program Files (x86)\Microsoft SQL Server\150\DTS\Binn\;C:\Program Files\Microsoft SQL Server\150\DTS\Binn\;C:\Program Files\Microsoft SQL Server\Client SDK\ODBC\170\Tools\Binn\;C:\Program Files\Azure Data Studio\bin;C:\Program Files\dotnet\;C:\Program Files\Microsoft SQL Server\130\Tools\Binn\;C:\Program Files\Git\cmd;C:\Users\nedim\AppData\Local\Microsoft\WindowsApps;;C:\Program Files\Azure Data Studio\bin;C:\Users\nedim\.dotnet\tools;C:\Users\nedim\AppData\Local\Programs\Microsoft VS Code\bin;C:\Program Files\JetBrains\IntelliJ IDEA Community Edition 2021.3.2\bin;;."/>
    <property name="java.vm.info" value="mixed mode, sharing"/>
    <property name="java.vendor" value="Oracle Corporation"/>
    <property name="java.vm.version" value="17.0.2+8-LTS-86"/>
    <property name="sun.io.unicode.encoding" value="UnicodeLittle"/>
    <property name="java.class.version" value="61.0"/>
  </properties>
  <testcase name="shouldAnswerWithTrue" classname="com.ned.test.AppTest" time="0.003"/>
</testsuite>